  [1m[36m (107.2ms)[0m  [1mCREATE TABLE "areas" ("id" INTEGER PRIMARY KEY AUTOINCREMENT NOT NULL, "organogram_id" integer, "name" varchar, "created_at" datetime NOT NULL, "updated_at" datetime NOT NULL) [0m
  [1m[35m (102.2ms)[0m  CREATE TABLE "cities" ("id" INTEGER PRIMARY KEY AUTOINCREMENT NOT NULL, "name" varchar, "state_id" integer, "created_at" datetime NOT NULL, "updated_at" datetime NOT NULL) 
  [1m[36m (100.6ms)[0m  [1mCREATE TABLE "countries" ("id" INTEGER PRIMARY KEY AUTOINCREMENT NOT NULL, "name" varchar, "created_at" datetime NOT NULL, "updated_at" datetime NOT NULL) [0m
  [1m[35m (100.5ms)[0m  CREATE TABLE "federations" ("id" INTEGER PRIMARY KEY AUTOINCREMENT NOT NULL, "name" varchar, "abbreviation" varchar, "created_at" datetime NOT NULL, "updated_at" datetime NOT NULL) 
  [1m[36m (111.2ms)[0m  [1mCREATE TABLE "junior_companies" ("id" INTEGER PRIMARY KEY AUTOINCREMENT NOT NULL, "name" varchar, "federation_id" integer, "created_at" datetime NOT NULL, "updated_at" datetime NOT NULL) [0m
  [1m[35m (111.6ms)[0m  CREATE TABLE "organograms" ("id" INTEGER PRIMARY KEY AUTOINCREMENT NOT NULL, "federation_id" integer, "junior_company_id" integer, "date_initial" date, "date_final" date, "created_at" datetime NOT NULL, "updated_at" datetime NOT NULL) 
  [1m[36m (111.3ms)[0m  [1mCREATE TABLE "perfomances" ("id" INTEGER PRIMARY KEY AUTOINCREMENT NOT NULL, "name" varchar, "junior_companies_id" varchar, "federations_id" varchar, "role_id" varchar, "created_at" datetime NOT NULL, "updated_at" datetime NOT NULL) [0m
  [1m[35m (111.3ms)[0m  CREATE TABLE "roles" ("id" INTEGER PRIMARY KEY AUTOINCREMENT NOT NULL, "name" varchar, "area_id" integer, "created_at" datetime NOT NULL, "updated_at" datetime NOT NULL) 
  [1m[36m (0.1ms)[0m  [1mselect sqlite_version(*)[0m
  [1m[35m (125.1ms)[0m  CREATE  INDEX "index_roles_on_area_id" ON "roles" ("area_id")
  [1m[36m (455.4ms)[0m  [1mCREATE TABLE "states" ("id" INTEGER PRIMARY KEY AUTOINCREMENT NOT NULL, "name" varchar, "country_id" integer, "created_at" datetime NOT NULL, "updated_at" datetime NOT NULL) [0m
  [1m[35m (113.2ms)[0m  CREATE TABLE "users" ("id" INTEGER PRIMARY KEY AUTOINCREMENT NOT NULL, "name" varchar, "email" varchar, "password" varchar, "created_at" datetime NOT NULL, "updated_at" datetime NOT NULL, "password_digest" varchar, "remember_digest" varchar) 
  [1m[36m (111.8ms)[0m  [1mCREATE UNIQUE INDEX "index_users_on_email" ON "users" ("email")[0m
  [1m[35m (109.4ms)[0m  CREATE TABLE "schema_migrations" ("version" varchar NOT NULL) 
  [1m[36m (133.0ms)[0m  [1mCREATE UNIQUE INDEX "unique_schema_migrations" ON "schema_migrations" ("version")[0m
  [1m[35m (0.1ms)[0m  SELECT version FROM "schema_migrations"
  [1m[36m (111.2ms)[0m  [1mINSERT INTO "schema_migrations" (version) VALUES ('20151029175043')[0m
  [1m[35m (100.6ms)[0m  INSERT INTO "schema_migrations" (version) VALUES ('20151029003309')
  [1m[36m (134.1ms)[0m  [1mINSERT INTO "schema_migrations" (version) VALUES ('20151029011445')[0m
  [1m[35m (100.6ms)[0m  INSERT INTO "schema_migrations" (version) VALUES ('20151028224937')
  [1m[36m (100.7ms)[0m  [1mINSERT INTO "schema_migrations" (version) VALUES ('20151029012206')[0m
  [1m[35m (100.9ms)[0m  INSERT INTO "schema_migrations" (version) VALUES ('20151029005345')
  [1m[36m (103.0ms)[0m  [1mINSERT INTO "schema_migrations" (version) VALUES ('20151029003200')[0m
  [1m[35m (100.6ms)[0m  INSERT INTO "schema_migrations" (version) VALUES ('20151029005454')
  [1m[36m (100.7ms)[0m  [1mINSERT INTO "schema_migrations" (version) VALUES ('20151029004316')[0m
  [1m[35m (123.2ms)[0m  INSERT INTO "schema_migrations" (version) VALUES ('20151029145056')
  [1m[36m (123.4ms)[0m  [1mINSERT INTO "schema_migrations" (version) VALUES ('20151029004425')[0m
  [1m[35m (111.7ms)[0m  INSERT INTO "schema_migrations" (version) VALUES ('20151029004629')
  [1m[36m (100.8ms)[0m  [1mINSERT INTO "schema_migrations" (version) VALUES ('20151029052200')[0m
  [1m[35m (99.6ms)[0m  CREATE TABLE "areas" ("id" INTEGER PRIMARY KEY AUTOINCREMENT NOT NULL, "organogram_id" integer, "name" varchar, "created_at" datetime NOT NULL, "updated_at" datetime NOT NULL) 
  [1m[36m (100.4ms)[0m  [1mCREATE TABLE "cities" ("id" INTEGER PRIMARY KEY AUTOINCREMENT NOT NULL, "name" varchar, "state_id" integer, "created_at" datetime NOT NULL, "updated_at" datetime NOT NULL) [0m
  [1m[35m (111.6ms)[0m  CREATE TABLE "countries" ("id" INTEGER PRIMARY KEY AUTOINCREMENT NOT NULL, "name" varchar, "created_at" datetime NOT NULL, "updated_at" datetime NOT NULL) 
  [1m[36m (102.5ms)[0m  [1mCREATE TABLE "federations" ("id" INTEGER PRIMARY KEY AUTOINCREMENT NOT NULL, "name" varchar, "abbreviation" varchar, "created_at" datetime NOT NULL, "updated_at" datetime NOT NULL) [0m
  [1m[35m (133.6ms)[0m  CREATE TABLE "junior_companies" ("id" INTEGER PRIMARY KEY AUTOINCREMENT NOT NULL, "name" varchar, "federation_id" integer, "created_at" datetime NOT NULL, "updated_at" datetime NOT NULL) 
  [1m[36m (100.2ms)[0m  [1mCREATE TABLE "organograms" ("id" INTEGER PRIMARY KEY AUTOINCREMENT NOT NULL, "federation_id" integer, "junior_company_id" integer, "date_initial" date, "date_final" date, "created_at" datetime NOT NULL, "updated_at" datetime NOT NULL) [0m
  [1m[35m (100.6ms)[0m  CREATE TABLE "perfomances" ("id" INTEGER PRIMARY KEY AUTOINCREMENT NOT NULL, "name" varchar, "junior_companies_id" varchar, "federations_id" varchar, "role_id" varchar, "created_at" datetime NOT NULL, "updated_at" datetime NOT NULL) 
  [1m[36m (111.6ms)[0m  [1mCREATE TABLE "roles" ("id" INTEGER PRIMARY KEY AUTOINCREMENT NOT NULL, "name" varchar, "area_id" integer, "created_at" datetime NOT NULL, "updated_at" datetime NOT NULL) [0m
  [1m[35m (0.1ms)[0m  select sqlite_version(*)
  [1m[36m (111.4ms)[0m  [1mCREATE  INDEX "index_roles_on_area_id" ON "roles" ("area_id")[0m
  [1m[35m (100.0ms)[0m  CREATE TABLE "states" ("id" INTEGER PRIMARY KEY AUTOINCREMENT NOT NULL, "name" varchar, "country_id" integer, "created_at" datetime NOT NULL, "updated_at" datetime NOT NULL) 
  [1m[36m (100.4ms)[0m  [1mCREATE TABLE "users" ("id" INTEGER PRIMARY KEY AUTOINCREMENT NOT NULL, "name" varchar, "email" varchar, "password" varchar, "created_at" datetime NOT NULL, "updated_at" datetime NOT NULL, "password_digest" varchar, "remember_digest" varchar) [0m
  [1m[35m (100.7ms)[0m  CREATE UNIQUE INDEX "index_users_on_email" ON "users" ("email")
  [1m[36m (100.5ms)[0m  [1mCREATE TABLE "schema_migrations" ("version" varchar NOT NULL) [0m
  [1m[35m (124.9ms)[0m  CREATE UNIQUE INDEX "unique_schema_migrations" ON "schema_migrations" ("version")
  [1m[36m (0.2ms)[0m  [1mSELECT version FROM "schema_migrations"[0m
  [1m[35m (100.2ms)[0m  INSERT INTO "schema_migrations" (version) VALUES ('20151029175043')
  [1m[36m (100.6ms)[0m  [1mINSERT INTO "schema_migrations" (version) VALUES ('20151029003309')[0m
  [1m[35m (100.3ms)[0m  INSERT INTO "schema_migrations" (version) VALUES ('20151029011445')
  [1m[36m (101.0ms)[0m  [1mINSERT INTO "schema_migrations" (version) VALUES ('20151028224937')[0m
  [1m[35m (100.1ms)[0m  INSERT INTO "schema_migrations" (version) VALUES ('20151029012206')
  [1m[36m (100.7ms)[0m  [1mINSERT INTO "schema_migrations" (version) VALUES ('20151029005345')[0m
  [1m[35m (100.8ms)[0m  INSERT INTO "schema_migrations" (version) VALUES ('20151029003200')
  [1m[36m (100.8ms)[0m  [1mINSERT INTO "schema_migrations" (version) VALUES ('20151029005454')[0m
  [1m[35m (89.7ms)[0m  INSERT INTO "schema_migrations" (version) VALUES ('20151029004316')
  [1m[36m (125.2ms)[0m  [1mINSERT INTO "schema_migrations" (version) VALUES ('20151029145056')[0m
  [1m[35m (134.2ms)[0m  INSERT INTO "schema_migrations" (version) VALUES ('20151029004425')
  [1m[36m (234.9ms)[0m  [1mINSERT INTO "schema_migrations" (version) VALUES ('20151029004629')[0m
  [1m[35m (100.2ms)[0m  INSERT INTO "schema_migrations" (version) VALUES ('20151029052200')
  [1m[36mActiveRecord::SchemaMigration Load (0.3ms)[0m  [1mSELECT "schema_migrations".* FROM "schema_migrations"[0m


Started GET "/roles" for 127.0.0.1 at 2015-10-29 16:30:41 -0200
Processing by RolesController#index as HTML
  [1m[36mRole Load (0.2ms)[0m  [1mSELECT "roles".* FROM "roles"[0m
  Rendered roles/index.html.erb within layouts/application (1.2ms)
Completed 200 OK in 618ms (Views: 617.6ms | ActiveRecord: 0.2ms)


Started GET "/assets/areas.self-e3b0c44298fc1c149afbf4c8996fb92427ae41e4649b934ca495991b7852b855.css?body=1" for 127.0.0.1 at 2015-10-29 16:30:42 -0200


Started GET "/assets/cities.self-e3b0c44298fc1c149afbf4c8996fb92427ae41e4649b934ca495991b7852b855.css?body=1" for 127.0.0.1 at 2015-10-29 16:30:42 -0200


Started GET "/assets/federations.self-e3b0c44298fc1c149afbf4c8996fb92427ae41e4649b934ca495991b7852b855.css?body=1" for 127.0.0.1 at 2015-10-29 16:30:42 -0200


Started GET "/assets/countries.self-e3b0c44298fc1c149afbf4c8996fb92427ae41e4649b934ca495991b7852b855.css?body=1" for 127.0.0.1 at 2015-10-29 16:30:42 -0200


Started GET "/assets/junior_companies.self-e3b0c44298fc1c149afbf4c8996fb92427ae41e4649b934ca495991b7852b855.css?body=1" for 127.0.0.1 at 2015-10-29 16:30:42 -0200


Started GET "/assets/organograms.self-e3b0c44298fc1c149afbf4c8996fb92427ae41e4649b934ca495991b7852b855.css?body=1" for 127.0.0.1 at 2015-10-29 16:30:42 -0200


Started GET "/assets/perfomances.self-e3b0c44298fc1c149afbf4c8996fb92427ae41e4649b934ca495991b7852b855.css?body=1" for 127.0.0.1 at 2015-10-29 16:30:42 -0200


Started GET "/assets/roles.self-e3b0c44298fc1c149afbf4c8996fb92427ae41e4649b934ca495991b7852b855.css?body=1" for 127.0.0.1 at 2015-10-29 16:30:42 -0200


Started GET "/assets/scaffolds.self-1450bb3aeed7c74b1b1794bebaa47c027f5b7f8864e796199b5e6122458371e5.css?body=1" for 127.0.0.1 at 2015-10-29 16:30:42 -0200


Started GET "/assets/sessions.self-e3b0c44298fc1c149afbf4c8996fb92427ae41e4649b934ca495991b7852b855.css?body=1" for 127.0.0.1 at 2015-10-29 16:30:42 -0200


Started GET "/assets/states.self-e3b0c44298fc1c149afbf4c8996fb92427ae41e4649b934ca495991b7852b855.css?body=1" for 127.0.0.1 at 2015-10-29 16:30:42 -0200


Started GET "/assets/users.self-e3b0c44298fc1c149afbf4c8996fb92427ae41e4649b934ca495991b7852b855.css?body=1" for 127.0.0.1 at 2015-10-29 16:30:42 -0200


Started GET "/assets/application.self-e80e8f2318043e8af94dddc2adad5a4f09739a8ebb323b3ab31cd71d45fd9113.css?body=1" for 127.0.0.1 at 2015-10-29 16:30:42 -0200


Started GET "/assets/jquery.self-a714331225dda820228db323939889f149aec0127aeb06255646b616ba1ca419.js?body=1" for 127.0.0.1 at 2015-10-29 16:30:42 -0200


Started GET "/assets/jquery_ujs.self-d456baa54c1fa6be2ec3711f0a72ddf7a5b2f34a6b4f515f33767d6207b7d4b3.js?body=1" for 127.0.0.1 at 2015-10-29 16:30:42 -0200


Started GET "/assets/turbolinks.self-c37727e9bd6b2735da5c311aa83fead54ed0be6cc8bd9a65309e9c5abe2cbfff.js?body=1" for 127.0.0.1 at 2015-10-29 16:30:42 -0200


Started GET "/assets/areas.self-877aef30ae1b040ab8a3aba4e3e309a11d7f2612f44dde450b5c157aa5f95c05.js?body=1" for 127.0.0.1 at 2015-10-29 16:30:42 -0200


Started GET "/assets/cities.self-877aef30ae1b040ab8a3aba4e3e309a11d7f2612f44dde450b5c157aa5f95c05.js?body=1" for 127.0.0.1 at 2015-10-29 16:30:42 -0200


Started GET "/assets/countries.self-877aef30ae1b040ab8a3aba4e3e309a11d7f2612f44dde450b5c157aa5f95c05.js?body=1" for 127.0.0.1 at 2015-10-29 16:30:42 -0200


Started GET "/assets/federations.self-877aef30ae1b040ab8a3aba4e3e309a11d7f2612f44dde450b5c157aa5f95c05.js?body=1" for 127.0.0.1 at 2015-10-29 16:30:42 -0200


Started GET "/assets/junior_companies.self-877aef30ae1b040ab8a3aba4e3e309a11d7f2612f44dde450b5c157aa5f95c05.js?body=1" for 127.0.0.1 at 2015-10-29 16:30:42 -0200


Started GET "/assets/organograms.self-877aef30ae1b040ab8a3aba4e3e309a11d7f2612f44dde450b5c157aa5f95c05.js?body=1" for 127.0.0.1 at 2015-10-29 16:30:42 -0200


Started GET "/assets/perfomances.self-877aef30ae1b040ab8a3aba4e3e309a11d7f2612f44dde450b5c157aa5f95c05.js?body=1" for 127.0.0.1 at 2015-10-29 16:30:42 -0200


Started GET "/assets/roles.self-877aef30ae1b040ab8a3aba4e3e309a11d7f2612f44dde450b5c157aa5f95c05.js?body=1" for 127.0.0.1 at 2015-10-29 16:30:42 -0200


Started GET "/assets/sessions.self-877aef30ae1b040ab8a3aba4e3e309a11d7f2612f44dde450b5c157aa5f95c05.js?body=1" for 127.0.0.1 at 2015-10-29 16:30:42 -0200


Started GET "/assets/states.self-877aef30ae1b040ab8a3aba4e3e309a11d7f2612f44dde450b5c157aa5f95c05.js?body=1" for 127.0.0.1 at 2015-10-29 16:30:42 -0200


Started GET "/assets/users.self-877aef30ae1b040ab8a3aba4e3e309a11d7f2612f44dde450b5c157aa5f95c05.js?body=1" for 127.0.0.1 at 2015-10-29 16:30:42 -0200


Started GET "/assets/application.self-3b8dabdc891efe46b9a144b400ad69e37d7e5876bdc39dee783419a69d7ca819.js?body=1" for 127.0.0.1 at 2015-10-29 16:30:42 -0200


Started DELETE "/roles/3" for 127.0.0.1 at 2015-10-29 16:30:47 -0200
Processing by RolesController#destroy as HTML
  Parameters: {"authenticity_token"=>"gpsg3zrQ1SkGxlzE+VE1SDU3KyP7vHgllEs7+q3dabh1JienjpZq7MNGc+BJ8g+p6JuyUvCRyqu2X91YEhkGqQ==", "id"=>"3"}
  [1m[35mRole Load (0.1ms)[0m  SELECT  "roles".* FROM "roles" WHERE "roles"."id" = ? LIMIT 1  [["id", 3]]
  [1m[36m (0.1ms)[0m  [1mbegin transaction[0m
  [1m[35mSQL (0.2ms)[0m  DELETE FROM "roles" WHERE "roles"."id" = ?  [["id", 3]]
  [1m[36m (356.9ms)[0m  [1mcommit transaction[0m
Redirected to http://localhost:3000/roles
Completed 302 Found in 360ms (ActiveRecord: 357.4ms)


Started GET "/roles" for 127.0.0.1 at 2015-10-29 16:30:47 -0200
Processing by RolesController#index as HTML
  [1m[35mRole Load (0.1ms)[0m  SELECT "roles".* FROM "roles"
  Rendered roles/index.html.erb within layouts/application (0.5ms)
Completed 200 OK in 107ms (Views: 106.1ms | ActiveRecord: 0.1ms)


Started GET "/" for 127.0.0.1 at 2015-10-29 16:30:49 -0200
Processing by SessionsController#new as HTML
  Rendered sessions/new.html.erb within layouts/application (1.5ms)
Completed 200 OK in 80ms (Views: 79.8ms | ActiveRecord: 0.0ms)


Started GET "/" for 127.0.0.1 at 2015-10-29 18:07:18 -0200
  [1m[36mActiveRecord::SchemaMigration Load (0.1ms)[0m  [1mSELECT "schema_migrations".* FROM "schema_migrations"[0m

ActiveRecord::PendingMigrationError (

Migrations are pending. To resolve this issue, run:

	bin/rake db:migrate RAILS_ENV=development

):
  activerecord (4.2.4) lib/active_record/migration.rb:392:in `check_pending!'
  activerecord (4.2.4) lib/active_record/migration.rb:373:in `call'
  actionpack (4.2.4) lib/action_dispatch/middleware/callbacks.rb:29:in `block in call'
  activesupport (4.2.4) lib/active_support/callbacks.rb:88:in `__run_callbacks__'
  activesupport (4.2.4) lib/active_support/callbacks.rb:778:in `_run_call_callbacks'
  activesupport (4.2.4) lib/active_support/callbacks.rb:81:in `run_callbacks'
  actionpack (4.2.4) lib/action_dispatch/middleware/callbacks.rb:27:in `call'
  actionpack (4.2.4) lib/action_dispatch/middleware/reloader.rb:73:in `call'
  actionpack (4.2.4) lib/action_dispatch/middleware/remote_ip.rb:78:in `call'
  actionpack (4.2.4) lib/action_dispatch/middleware/debug_exceptions.rb:17:in `call'
  web-console (2.2.1) lib/web_console/middleware.rb:39:in `call'
  actionpack (4.2.4) lib/action_dispatch/middleware/show_exceptions.rb:30:in `call'
  railties (4.2.4) lib/rails/rack/logger.rb:38:in `call_app'
  railties (4.2.4) lib/rails/rack/logger.rb:20:in `block in call'
  activesupport (4.2.4) lib/active_support/tagged_logging.rb:68:in `block in tagged'
  activesupport (4.2.4) lib/active_support/tagged_logging.rb:26:in `tagged'
  activesupport (4.2.4) lib/active_support/tagged_logging.rb:68:in `tagged'
  railties (4.2.4) lib/rails/rack/logger.rb:20:in `call'
  actionpack (4.2.4) lib/action_dispatch/middleware/request_id.rb:21:in `call'
  rack (1.6.4) lib/rack/methodoverride.rb:22:in `call'
  rack (1.6.4) lib/rack/runtime.rb:18:in `call'
  activesupport (4.2.4) lib/active_support/cache/strategy/local_cache_middleware.rb:28:in `call'
  rack (1.6.4) lib/rack/lock.rb:17:in `call'
  actionpack (4.2.4) lib/action_dispatch/middleware/static.rb:116:in `call'
  rack (1.6.4) lib/rack/sendfile.rb:113:in `call'
  railties (4.2.4) lib/rails/engine.rb:518:in `call'
  railties (4.2.4) lib/rails/application.rb:165:in `call'
  rack (1.6.4) lib/rack/lock.rb:17:in `call'
  rack (1.6.4) lib/rack/content_length.rb:15:in `call'
  rack (1.6.4) lib/rack/handler/webrick.rb:88:in `service'
  /home/lmafra/.rvm/rubies/ruby-2.2.1/lib/ruby/2.2.0/webrick/httpserver.rb:138:in `service'
  /home/lmafra/.rvm/rubies/ruby-2.2.1/lib/ruby/2.2.0/webrick/httpserver.rb:94:in `run'
  /home/lmafra/.rvm/rubies/ruby-2.2.1/lib/ruby/2.2.0/webrick/server.rb:294:in `block in start_thread'


  Rendered /home/lmafra/.rvm/gems/ruby-2.2.1/gems/actionpack-4.2.4/lib/action_dispatch/middleware/templates/rescues/_source.erb (1.7ms)
  Rendered /home/lmafra/.rvm/gems/ruby-2.2.1/gems/actionpack-4.2.4/lib/action_dispatch/middleware/templates/rescues/_trace.html.erb (1.1ms)
  Rendered /home/lmafra/.rvm/gems/ruby-2.2.1/gems/actionpack-4.2.4/lib/action_dispatch/middleware/templates/rescues/_request_and_response.html.erb (0.7ms)
  Rendered /home/lmafra/.rvm/gems/ruby-2.2.1/gems/actionpack-4.2.4/lib/action_dispatch/middleware/templates/rescues/diagnostics.html.erb within rescues/layout (13.8ms)
  Rendered /home/lmafra/.rvm/gems/ruby-2.2.1/gems/web-console-2.2.1/lib/web_console/templates/_markup.html.erb (0.3ms)
  Rendered /home/lmafra/.rvm/gems/ruby-2.2.1/gems/web-console-2.2.1/lib/web_console/templates/_inner_console_markup.html.erb within layouts/inlined_string (0.2ms)
  Rendered /home/lmafra/.rvm/gems/ruby-2.2.1/gems/web-console-2.2.1/lib/web_console/templates/_prompt_box_markup.html.erb within layouts/inlined_string (0.2ms)
  Rendered /home/lmafra/.rvm/gems/ruby-2.2.1/gems/web-console-2.2.1/lib/web_console/templates/style.css.erb within layouts/inlined_string (0.3ms)
  Rendered /home/lmafra/.rvm/gems/ruby-2.2.1/gems/web-console-2.2.1/lib/web_console/templates/console.js.erb within layouts/javascript (12.1ms)
  Rendered /home/lmafra/.rvm/gems/ruby-2.2.1/gems/web-console-2.2.1/lib/web_console/templates/main.js.erb within layouts/javascript (0.3ms)
  Rendered /home/lmafra/.rvm/gems/ruby-2.2.1/gems/web-console-2.2.1/lib/web_console/templates/error_page.js.erb within layouts/javascript (0.4ms)
  Rendered /home/lmafra/.rvm/gems/ruby-2.2.1/gems/web-console-2.2.1/lib/web_console/templates/index.html.erb (25.4ms)
  [1m[36mActiveRecord::SchemaMigration Load (0.1ms)[0m  [1mSELECT "schema_migrations".* FROM "schema_migrations"[0m
Migrating to CreateDimensions (20151029193053)
  [1m[35m (0.1ms)[0m  begin transaction
  [1m[36m (0.3ms)[0m  [1mCREATE TABLE "dimensions" ("id" INTEGER PRIMARY KEY AUTOINCREMENT NOT NULL, "name" varchar, "description" varchar, "perfomance_id" varchar, "created_at" datetime NOT NULL, "updated_at" datetime NOT NULL) [0m
  [1m[35mSQL (0.1ms)[0m  INSERT INTO "schema_migrations" ("version") VALUES (?)  [["version", "20151029193053"]]
  [1m[36m (151.5ms)[0m  [1mcommit transaction[0m
  [1m[35mActiveRecord::SchemaMigration Load (0.1ms)[0m  SELECT "schema_migrations".* FROM "schema_migrations"
  [1m[36m (0.1ms)[0m  [1m            SELECT sql
            FROM sqlite_master
            WHERE name='index_roles_on_area_id' AND type='index'
            UNION ALL
            SELECT sql
            FROM sqlite_temp_master
            WHERE name='index_roles_on_area_id' AND type='index'
[0m
  [1m[35m (0.1ms)[0m              SELECT sql
            FROM sqlite_master
            WHERE name='index_users_on_email' AND type='index'
            UNION ALL
            SELECT sql
            FROM sqlite_temp_master
            WHERE name='index_users_on_email' AND type='index'



Started GET "/dimensions" for 127.0.0.1 at 2015-10-29 18:07:31 -0200
  [1m[35mActiveRecord::SchemaMigration Load (0.1ms)[0m  SELECT "schema_migrations".* FROM "schema_migrations"
Processing by DimensionsController#index as HTML
  [1m[36mDimension Load (0.1ms)[0m  [1mSELECT "dimensions".* FROM "dimensions"[0m
  Rendered dimensions/index.html.erb within layouts/application (1.3ms)
Completed 200 OK in 133ms (Views: 131.8ms | ActiveRecord: 0.2ms)


Started GET "/assets/dimensions.self-e3b0c44298fc1c149afbf4c8996fb92427ae41e4649b934ca495991b7852b855.css?body=1" for 127.0.0.1 at 2015-10-29 18:07:31 -0200


Started GET "/assets/dimensions.self-877aef30ae1b040ab8a3aba4e3e309a11d7f2612f44dde450b5c157aa5f95c05.js?body=1" for 127.0.0.1 at 2015-10-29 18:07:31 -0200


Started GET "/dimensions/new" for 127.0.0.1 at 2015-10-29 18:07:33 -0200
Processing by DimensionsController#new as HTML
  [1m[35mPerfomance Load (0.1ms)[0m  SELECT "perfomances".* FROM "perfomances"
  Rendered dimensions/_form.html.erb (3.0ms)
  Rendered dimensions/new.html.erb within layouts/application (4.0ms)
Completed 200 OK in 69ms (Views: 63.7ms | ActiveRecord: 0.4ms)


Started GET "/perfomances" for 127.0.0.1 at 2015-10-29 18:07:40 -0200
Processing by PerfomancesController#index as HTML
  [1m[36mPerfomance Load (0.2ms)[0m  [1mSELECT "perfomances".* FROM "perfomances"[0m
  Rendered perfomances/index.html.erb within layouts/application (1.0ms)
Completed 200 OK in 89ms (Views: 87.9ms | ActiveRecord: 0.2ms)


Started GET "/perfomances/new" for 127.0.0.1 at 2015-10-29 18:07:41 -0200
Processing by PerfomancesController#new as HTML
  [1m[35mJuniorCompany Load (0.1ms)[0m  SELECT "junior_companies".* FROM "junior_companies"
  [1m[36mFederation Load (0.1ms)[0m  [1mSELECT "federations".* FROM "federations"[0m
  [1m[35mRole Load (0.1ms)[0m  SELECT "roles".* FROM "roles"
  Rendered perfomances/_form.html.erb (4.6ms)
  Rendered perfomances/new.html.erb within layouts/application (5.4ms)
Completed 200 OK in 84ms (Views: 75.2ms | ActiveRecord: 0.6ms)


Started GET "/" for 127.0.0.1 at 2015-10-29 18:07:49 -0200
Processing by SessionsController#new as HTML
  Rendered sessions/new.html.erb within layouts/application (1.1ms)
Completed 200 OK in 64ms (Views: 63.2ms | ActiveRecord: 0.0ms)
  [1m[36mActiveRecord::SchemaMigration Load (0.1ms)[0m  [1mSELECT "schema_migrations".* FROM "schema_migrations"[0m
Migrating to CreateQuestions (20151029200831)
  [1m[35m (0.1ms)[0m  begin transaction
  [1m[36m (0.2ms)[0m  [1mCREATE TABLE "questions" ("id" INTEGER PRIMARY KEY AUTOINCREMENT NOT NULL, "name" varchar, "dimension_id" varchar, "created_at" datetime NOT NULL, "updated_at" datetime NOT NULL) [0m
  [1m[35mSQL (0.1ms)[0m  INSERT INTO "schema_migrations" ("version") VALUES (?)  [["version", "20151029200831"]]
  [1m[36m (119.6ms)[0m  [1mcommit transaction[0m
  [1m[35mActiveRecord::SchemaMigration Load (0.1ms)[0m  SELECT "schema_migrations".* FROM "schema_migrations"
  [1m[36m (0.1ms)[0m  [1m            SELECT sql
            FROM sqlite_master
            WHERE name='index_roles_on_area_id' AND type='index'
            UNION ALL
            SELECT sql
            FROM sqlite_temp_master
            WHERE name='index_roles_on_area_id' AND type='index'
[0m
  [1m[35m (0.1ms)[0m              SELECT sql
            FROM sqlite_master
            WHERE name='index_users_on_email' AND type='index'
            UNION ALL
            SELECT sql
            FROM sqlite_temp_master
            WHERE name='index_users_on_email' AND type='index'



Started GET "/" for 127.0.0.1 at 2015-10-29 18:11:25 -0200
  [1m[36mActiveRecord::SchemaMigration Load (0.1ms)[0m  [1mSELECT "schema_migrations".* FROM "schema_migrations"[0m
Processing by SessionsController#new as HTML
  Rendered sessions/new.html.erb within layouts/application (0.8ms)
Completed 200 OK in 137ms (Views: 136.7ms | ActiveRecord: 0.0ms)


Started GET "/assets/areas.self-e3b0c44298fc1c149afbf4c8996fb92427ae41e4649b934ca495991b7852b855.css?body=1" for 127.0.0.1 at 2015-10-29 18:11:25 -0200


Started GET "/assets/cities.self-e3b0c44298fc1c149afbf4c8996fb92427ae41e4649b934ca495991b7852b855.css?body=1" for 127.0.0.1 at 2015-10-29 18:11:25 -0200


Started GET "/assets/federations.self-e3b0c44298fc1c149afbf4c8996fb92427ae41e4649b934ca495991b7852b855.css?body=1" for 127.0.0.1 at 2015-10-29 18:11:25 -0200


Started GET "/assets/junior_companies.self-e3b0c44298fc1c149afbf4c8996fb92427ae41e4649b934ca495991b7852b855.css?body=1" for 127.0.0.1 at 2015-10-29 18:11:25 -0200


Started GET "/assets/dimensions.self-e3b0c44298fc1c149afbf4c8996fb92427ae41e4649b934ca495991b7852b855.css?body=1" for 127.0.0.1 at 2015-10-29 18:11:25 -0200


Started GET "/assets/organograms.self-e3b0c44298fc1c149afbf4c8996fb92427ae41e4649b934ca495991b7852b855.css?body=1" for 127.0.0.1 at 2015-10-29 18:11:25 -0200


Started GET "/assets/countries.self-e3b0c44298fc1c149afbf4c8996fb92427ae41e4649b934ca495991b7852b855.css?body=1" for 127.0.0.1 at 2015-10-29 18:11:25 -0200


Started GET "/assets/perfomances.self-e3b0c44298fc1c149afbf4c8996fb92427ae41e4649b934ca495991b7852b855.css?body=1" for 127.0.0.1 at 2015-10-29 18:11:25 -0200


Started GET "/assets/questions.self-e3b0c44298fc1c149afbf4c8996fb92427ae41e4649b934ca495991b7852b855.css?body=1" for 127.0.0.1 at 2015-10-29 18:11:25 -0200


Started GET "/assets/roles.self-e3b0c44298fc1c149afbf4c8996fb92427ae41e4649b934ca495991b7852b855.css?body=1" for 127.0.0.1 at 2015-10-29 18:11:25 -0200


Started GET "/assets/scaffolds.self-1450bb3aeed7c74b1b1794bebaa47c027f5b7f8864e796199b5e6122458371e5.css?body=1" for 127.0.0.1 at 2015-10-29 18:11:26 -0200


Started GET "/assets/sessions.self-e3b0c44298fc1c149afbf4c8996fb92427ae41e4649b934ca495991b7852b855.css?body=1" for 127.0.0.1 at 2015-10-29 18:11:26 -0200


Started GET "/assets/states.self-e3b0c44298fc1c149afbf4c8996fb92427ae41e4649b934ca495991b7852b855.css?body=1" for 127.0.0.1 at 2015-10-29 18:11:26 -0200


Started GET "/assets/users.self-e3b0c44298fc1c149afbf4c8996fb92427ae41e4649b934ca495991b7852b855.css?body=1" for 127.0.0.1 at 2015-10-29 18:11:26 -0200


Started GET "/assets/application.self-e80e8f2318043e8af94dddc2adad5a4f09739a8ebb323b3ab31cd71d45fd9113.css?body=1" for 127.0.0.1 at 2015-10-29 18:11:26 -0200


Started GET "/assets/jquery.self-a714331225dda820228db323939889f149aec0127aeb06255646b616ba1ca419.js?body=1" for 127.0.0.1 at 2015-10-29 18:11:26 -0200


Started GET "/assets/turbolinks.self-c37727e9bd6b2735da5c311aa83fead54ed0be6cc8bd9a65309e9c5abe2cbfff.js?body=1" for 127.0.0.1 at 2015-10-29 18:11:26 -0200


Started GET "/assets/jquery_ujs.self-d456baa54c1fa6be2ec3711f0a72ddf7a5b2f34a6b4f515f33767d6207b7d4b3.js?body=1" for 127.0.0.1 at 2015-10-29 18:11:26 -0200


Started GET "/assets/areas.self-877aef30ae1b040ab8a3aba4e3e309a11d7f2612f44dde450b5c157aa5f95c05.js?body=1" for 127.0.0.1 at 2015-10-29 18:11:26 -0200


Started GET "/assets/cities.self-877aef30ae1b040ab8a3aba4e3e309a11d7f2612f44dde450b5c157aa5f95c05.js?body=1" for 127.0.0.1 at 2015-10-29 18:11:26 -0200


Started GET "/assets/countries.self-877aef30ae1b040ab8a3aba4e3e309a11d7f2612f44dde450b5c157aa5f95c05.js?body=1" for 127.0.0.1 at 2015-10-29 18:11:26 -0200


Started GET "/assets/dimensions.self-877aef30ae1b040ab8a3aba4e3e309a11d7f2612f44dde450b5c157aa5f95c05.js?body=1" for 127.0.0.1 at 2015-10-29 18:11:26 -0200


Started GET "/assets/federations.self-877aef30ae1b040ab8a3aba4e3e309a11d7f2612f44dde450b5c157aa5f95c05.js?body=1" for 127.0.0.1 at 2015-10-29 18:11:26 -0200


Started GET "/assets/junior_companies.self-877aef30ae1b040ab8a3aba4e3e309a11d7f2612f44dde450b5c157aa5f95c05.js?body=1" for 127.0.0.1 at 2015-10-29 18:11:26 -0200


Started GET "/assets/organograms.self-877aef30ae1b040ab8a3aba4e3e309a11d7f2612f44dde450b5c157aa5f95c05.js?body=1" for 127.0.0.1 at 2015-10-29 18:11:26 -0200


Started GET "/assets/perfomances.self-877aef30ae1b040ab8a3aba4e3e309a11d7f2612f44dde450b5c157aa5f95c05.js?body=1" for 127.0.0.1 at 2015-10-29 18:11:26 -0200


Started GET "/assets/questions.self-877aef30ae1b040ab8a3aba4e3e309a11d7f2612f44dde450b5c157aa5f95c05.js?body=1" for 127.0.0.1 at 2015-10-29 18:11:26 -0200


Started GET "/assets/roles.self-877aef30ae1b040ab8a3aba4e3e309a11d7f2612f44dde450b5c157aa5f95c05.js?body=1" for 127.0.0.1 at 2015-10-29 18:11:26 -0200


Started GET "/assets/sessions.self-877aef30ae1b040ab8a3aba4e3e309a11d7f2612f44dde450b5c157aa5f95c05.js?body=1" for 127.0.0.1 at 2015-10-29 18:11:26 -0200


Started GET "/assets/states.self-877aef30ae1b040ab8a3aba4e3e309a11d7f2612f44dde450b5c157aa5f95c05.js?body=1" for 127.0.0.1 at 2015-10-29 18:11:26 -0200


Started GET "/assets/users.self-877aef30ae1b040ab8a3aba4e3e309a11d7f2612f44dde450b5c157aa5f95c05.js?body=1" for 127.0.0.1 at 2015-10-29 18:11:26 -0200


Started GET "/assets/application.self-3b8dabdc891efe46b9a144b400ad69e37d7e5876bdc39dee783419a69d7ca819.js?body=1" for 127.0.0.1 at 2015-10-29 18:11:26 -0200


Started GET "/questions" for 127.0.0.1 at 2015-10-29 18:11:31 -0200
Processing by QuestionsController#index as HTML
  [1m[35mQuestion Load (0.1ms)[0m  SELECT "questions".* FROM "questions"
  Rendered questions/index.html.erb within layouts/application (2.9ms)
Completed 200 OK in 100ms (Views: 96.2ms | ActiveRecord: 0.2ms)


Started GET "/questions/new" for 127.0.0.1 at 2015-10-29 18:11:32 -0200
Processing by QuestionsController#new as HTML
  Rendered questions/_form.html.erb (3.6ms)
  Rendered questions/new.html.erb within layouts/application (4.4ms)
Completed 500 Internal Server Error in 10ms (ActiveRecord: 0.2ms)

ActionView::Template::Error (undefined method `map' for nil:NilClass):
    17:   </div>
    18:   <div class="field">
    19:     <%= f.label :dimension_id %><br>
    20:     <%= collection_select(:question, :dimension_id, @dimensions, :id, :name, {:prompt => false })  %>
    21:   </div>
    22:   <div class="actions">
    23:     <%= f.submit %>
  app/views/questions/_form.html.erb:20:in `block in _app_views_questions__form_html_erb__3320161732663475012_69970172044680'
  app/views/questions/_form.html.erb:1:in `_app_views_questions__form_html_erb__3320161732663475012_69970172044680'
  app/views/questions/new.html.erb:3:in `_app_views_questions_new_html_erb__2968322337601743223_69970172100160'


  Rendered /home/lmafra/.rvm/gems/ruby-2.2.1/gems/actionpack-4.2.4/lib/action_dispatch/middleware/templates/rescues/_source.erb (5.4ms)
  Rendered /home/lmafra/.rvm/gems/ruby-2.2.1/gems/actionpack-4.2.4/lib/action_dispatch/middleware/templates/rescues/_trace.html.erb (2.1ms)
  Rendered /home/lmafra/.rvm/gems/ruby-2.2.1/gems/actionpack-4.2.4/lib/action_dispatch/middleware/templates/rescues/_request_and_response.html.erb (0.7ms)
  Rendered /home/lmafra/.rvm/gems/ruby-2.2.1/gems/actionpack-4.2.4/lib/action_dispatch/middleware/templates/rescues/template_error.html.erb within rescues/layout (17.9ms)
  Rendered /home/lmafra/.rvm/gems/ruby-2.2.1/gems/web-console-2.2.1/lib/web_console/templates/_markup.html.erb (0.3ms)
  Rendered /home/lmafra/.rvm/gems/ruby-2.2.1/gems/web-console-2.2.1/lib/web_console/templates/_inner_console_markup.html.erb within layouts/inlined_string (0.2ms)
  Rendered /home/lmafra/.rvm/gems/ruby-2.2.1/gems/web-console-2.2.1/lib/web_console/templates/_prompt_box_markup.html.erb within layouts/inlined_string (0.2ms)
  Rendered /home/lmafra/.rvm/gems/ruby-2.2.1/gems/web-console-2.2.1/lib/web_console/templates/style.css.erb within layouts/inlined_string (0.2ms)
  Rendered /home/lmafra/.rvm/gems/ruby-2.2.1/gems/web-console-2.2.1/lib/web_console/templates/console.js.erb within layouts/javascript (11.3ms)
  Rendered /home/lmafra/.rvm/gems/ruby-2.2.1/gems/web-console-2.2.1/lib/web_console/templates/main.js.erb within layouts/javascript (0.2ms)
  Rendered /home/lmafra/.rvm/gems/ruby-2.2.1/gems/web-console-2.2.1/lib/web_console/templates/error_page.js.erb within layouts/javascript (0.3ms)
  Rendered /home/lmafra/.rvm/gems/ruby-2.2.1/gems/web-console-2.2.1/lib/web_console/templates/index.html.erb (22.7ms)


Started GET "/questions/new" for 127.0.0.1 at 2015-10-29 18:11:32 -0200
Processing by QuestionsController#new as HTML
  Rendered questions/_form.html.erb (2.6ms)
  Rendered questions/new.html.erb within layouts/application (3.5ms)
Completed 500 Internal Server Error in 5ms (ActiveRecord: 0.0ms)

ActionView::Template::Error (undefined method `map' for nil:NilClass):
    17:   </div>
    18:   <div class="field">
    19:     <%= f.label :dimension_id %><br>
    20:     <%= collection_select(:question, :dimension_id, @dimensions, :id, :name, {:prompt => false })  %>
    21:   </div>
    22:   <div class="actions">
    23:     <%= f.submit %>
  app/views/questions/_form.html.erb:20:in `block in _app_views_questions__form_html_erb__3320161732663475012_69969959071280'
  app/views/questions/_form.html.erb:1:in `_app_views_questions__form_html_erb__3320161732663475012_69969959071280'
  app/views/questions/new.html.erb:3:in `_app_views_questions_new_html_erb__2968322337601743223_69969954347760'


  Rendered /home/lmafra/.rvm/gems/ruby-2.2.1/gems/actionpack-4.2.4/lib/action_dispatch/middleware/templates/rescues/_source.erb (5.1ms)
  Rendered /home/lmafra/.rvm/gems/ruby-2.2.1/gems/actionpack-4.2.4/lib/action_dispatch/middleware/templates/rescues/_trace.html.erb (2.0ms)
  Rendered /home/lmafra/.rvm/gems/ruby-2.2.1/gems/actionpack-4.2.4/lib/action_dispatch/middleware/templates/rescues/_request_and_response.html.erb (0.6ms)
  Rendered /home/lmafra/.rvm/gems/ruby-2.2.1/gems/actionpack-4.2.4/lib/action_dispatch/middleware/templates/rescues/template_error.html.erb within rescues/layout (17.4ms)
  Rendered /home/lmafra/.rvm/gems/ruby-2.2.1/gems/web-console-2.2.1/lib/web_console/templates/_markup.html.erb (0.4ms)
  Rendered /home/lmafra/.rvm/gems/ruby-2.2.1/gems/web-console-2.2.1/lib/web_console/templates/_inner_console_markup.html.erb within layouts/inlined_string (0.4ms)
  Rendered /home/lmafra/.rvm/gems/ruby-2.2.1/gems/web-console-2.2.1/lib/web_console/templates/_prompt_box_markup.html.erb within layouts/inlined_string (0.2ms)
  Rendered /home/lmafra/.rvm/gems/ruby-2.2.1/gems/web-console-2.2.1/lib/web_console/templates/style.css.erb within layouts/inlined_string (0.3ms)
  Rendered /home/lmafra/.rvm/gems/ruby-2.2.1/gems/web-console-2.2.1/lib/web_console/templates/console.js.erb within layouts/javascript (13.1ms)
  Rendered /home/lmafra/.rvm/gems/ruby-2.2.1/gems/web-console-2.2.1/lib/web_console/templates/main.js.erb within layouts/javascript (0.2ms)
  Rendered /home/lmafra/.rvm/gems/ruby-2.2.1/gems/web-console-2.2.1/lib/web_console/templates/error_page.js.erb within layouts/javascript (0.3ms)
  Rendered /home/lmafra/.rvm/gems/ruby-2.2.1/gems/web-console-2.2.1/lib/web_console/templates/index.html.erb (25.1ms)


Started GET "/questions/new" for 127.0.0.1 at 2015-10-29 18:12:19 -0200
Processing by QuestionsController#new as HTML
  [1m[36mDimension Load (0.1ms)[0m  [1mSELECT "dimensions".* FROM "dimensions"[0m
  Rendered questions/_form.html.erb (2.7ms)
  Rendered questions/new.html.erb within layouts/application (3.2ms)
Completed 200 OK in 78ms (Views: 77.1ms | ActiveRecord: 0.2ms)


Started GET "/assets/areas.self-e3b0c44298fc1c149afbf4c8996fb92427ae41e4649b934ca495991b7852b855.css?body=1" for 127.0.0.1 at 2015-10-29 18:12:19 -0200


Started GET "/assets/cities.self-e3b0c44298fc1c149afbf4c8996fb92427ae41e4649b934ca495991b7852b855.css?body=1" for 127.0.0.1 at 2015-10-29 18:12:19 -0200


Started GET "/assets/countries.self-e3b0c44298fc1c149afbf4c8996fb92427ae41e4649b934ca495991b7852b855.css?body=1" for 127.0.0.1 at 2015-10-29 18:12:19 -0200


Started GET "/assets/dimensions.self-e3b0c44298fc1c149afbf4c8996fb92427ae41e4649b934ca495991b7852b855.css?body=1" for 127.0.0.1 at 2015-10-29 18:12:19 -0200


Started GET "/assets/federations.self-e3b0c44298fc1c149afbf4c8996fb92427ae41e4649b934ca495991b7852b855.css?body=1" for 127.0.0.1 at 2015-10-29 18:12:19 -0200


Started GET "/assets/questions.self-e3b0c44298fc1c149afbf4c8996fb92427ae41e4649b934ca495991b7852b855.css?body=1" for 127.0.0.1 at 2015-10-29 18:12:19 -0200


Started GET "/assets/perfomances.self-e3b0c44298fc1c149afbf4c8996fb92427ae41e4649b934ca495991b7852b855.css?body=1" for 127.0.0.1 at 2015-10-29 18:12:19 -0200


Started GET "/assets/organograms.self-e3b0c44298fc1c149afbf4c8996fb92427ae41e4649b934ca495991b7852b855.css?body=1" for 127.0.0.1 at 2015-10-29 18:12:19 -0200


Started GET "/assets/junior_companies.self-e3b0c44298fc1c149afbf4c8996fb92427ae41e4649b934ca495991b7852b855.css?body=1" for 127.0.0.1 at 2015-10-29 18:12:19 -0200


Started GET "/assets/roles.self-e3b0c44298fc1c149afbf4c8996fb92427ae41e4649b934ca495991b7852b855.css?body=1" for 127.0.0.1 at 2015-10-29 18:12:19 -0200


Started GET "/assets/scaffolds.self-1450bb3aeed7c74b1b1794bebaa47c027f5b7f8864e796199b5e6122458371e5.css?body=1" for 127.0.0.1 at 2015-10-29 18:12:19 -0200


Started GET "/assets/sessions.self-e3b0c44298fc1c149afbf4c8996fb92427ae41e4649b934ca495991b7852b855.css?body=1" for 127.0.0.1 at 2015-10-29 18:12:19 -0200


Started GET "/assets/states.self-e3b0c44298fc1c149afbf4c8996fb92427ae41e4649b934ca495991b7852b855.css?body=1" for 127.0.0.1 at 2015-10-29 18:12:19 -0200


Started GET "/assets/users.self-e3b0c44298fc1c149afbf4c8996fb92427ae41e4649b934ca495991b7852b855.css?body=1" for 127.0.0.1 at 2015-10-29 18:12:19 -0200


Started GET "/assets/application.self-e80e8f2318043e8af94dddc2adad5a4f09739a8ebb323b3ab31cd71d45fd9113.css?body=1" for 127.0.0.1 at 2015-10-29 18:12:19 -0200


Started GET "/assets/jquery.self-a714331225dda820228db323939889f149aec0127aeb06255646b616ba1ca419.js?body=1" for 127.0.0.1 at 2015-10-29 18:12:19 -0200


Started GET "/assets/jquery_ujs.self-d456baa54c1fa6be2ec3711f0a72ddf7a5b2f34a6b4f515f33767d6207b7d4b3.js?body=1" for 127.0.0.1 at 2015-10-29 18:12:19 -0200


Started GET "/assets/turbolinks.self-c37727e9bd6b2735da5c311aa83fead54ed0be6cc8bd9a65309e9c5abe2cbfff.js?body=1" for 127.0.0.1 at 2015-10-29 18:12:19 -0200


Started GET "/assets/areas.self-877aef30ae1b040ab8a3aba4e3e309a11d7f2612f44dde450b5c157aa5f95c05.js?body=1" for 127.0.0.1 at 2015-10-29 18:12:19 -0200


Started GET "/assets/cities.self-877aef30ae1b040ab8a3aba4e3e309a11d7f2612f44dde450b5c157aa5f95c05.js?body=1" for 127.0.0.1 at 2015-10-29 18:12:19 -0200


Started GET "/assets/countries.self-877aef30ae1b040ab8a3aba4e3e309a11d7f2612f44dde450b5c157aa5f95c05.js?body=1" for 127.0.0.1 at 2015-10-29 18:12:19 -0200


Started GET "/assets/dimensions.self-877aef30ae1b040ab8a3aba4e3e309a11d7f2612f44dde450b5c157aa5f95c05.js?body=1" for 127.0.0.1 at 2015-10-29 18:12:19 -0200


Started GET "/assets/federations.self-877aef30ae1b040ab8a3aba4e3e309a11d7f2612f44dde450b5c157aa5f95c05.js?body=1" for 127.0.0.1 at 2015-10-29 18:12:19 -0200


Started GET "/assets/junior_companies.self-877aef30ae1b040ab8a3aba4e3e309a11d7f2612f44dde450b5c157aa5f95c05.js?body=1" for 127.0.0.1 at 2015-10-29 18:12:19 -0200


Started GET "/assets/organograms.self-877aef30ae1b040ab8a3aba4e3e309a11d7f2612f44dde450b5c157aa5f95c05.js?body=1" for 127.0.0.1 at 2015-10-29 18:12:19 -0200


Started GET "/assets/perfomances.self-877aef30ae1b040ab8a3aba4e3e309a11d7f2612f44dde450b5c157aa5f95c05.js?body=1" for 127.0.0.1 at 2015-10-29 18:12:19 -0200


Started GET "/assets/questions.self-877aef30ae1b040ab8a3aba4e3e309a11d7f2612f44dde450b5c157aa5f95c05.js?body=1" for 127.0.0.1 at 2015-10-29 18:12:19 -0200


Started GET "/assets/roles.self-877aef30ae1b040ab8a3aba4e3e309a11d7f2612f44dde450b5c157aa5f95c05.js?body=1" for 127.0.0.1 at 2015-10-29 18:12:19 -0200


Started GET "/assets/sessions.self-877aef30ae1b040ab8a3aba4e3e309a11d7f2612f44dde450b5c157aa5f95c05.js?body=1" for 127.0.0.1 at 2015-10-29 18:12:19 -0200


Started GET "/assets/states.self-877aef30ae1b040ab8a3aba4e3e309a11d7f2612f44dde450b5c157aa5f95c05.js?body=1" for 127.0.0.1 at 2015-10-29 18:12:19 -0200


Started GET "/assets/users.self-877aef30ae1b040ab8a3aba4e3e309a11d7f2612f44dde450b5c157aa5f95c05.js?body=1" for 127.0.0.1 at 2015-10-29 18:12:19 -0200


Started GET "/assets/application.self-3b8dabdc891efe46b9a144b400ad69e37d7e5876bdc39dee783419a69d7ca819.js?body=1" for 127.0.0.1 at 2015-10-29 18:12:19 -0200


Started POST "/questions" for 127.0.0.1 at 2015-10-29 18:12:26 -0200
Processing by QuestionsController#create as HTML
  Parameters: {"utf8"=>"✓", "authenticity_token"=>"3fpCE85oaoJvL5zuOmAacU5LjsFM+9zF/YIErNjx9mIqR0Vrei7VR6qvs8qKwyCQk+cXsEfWbkvfluIOZzWZcw==", "question"=>{"name"=>""}, "commit"=>"Create Question"}
  [1m[35m (0.1ms)[0m  begin transaction
  [1m[36mSQL (0.2ms)[0m  [1mINSERT INTO "questions" ("name", "created_at", "updated_at") VALUES (?, ?, ?)[0m  [["name", ""], ["created_at", "2015-10-29 20:12:26.270470"], ["updated_at", "2015-10-29 20:12:26.270470"]]
  [1m[35m (122.3ms)[0m  commit transaction
Redirected to http://localhost:3000/questions/1
Completed 302 Found in 125ms (ActiveRecord: 122.6ms)


Started GET "/questions/1" for 127.0.0.1 at 2015-10-29 18:12:26 -0200
Processing by QuestionsController#show as HTML
  Parameters: {"id"=>"1"}
  [1m[36mQuestion Load (0.1ms)[0m  [1mSELECT  "questions".* FROM "questions" WHERE "questions"."id" = ? LIMIT 1[0m  [["id", 1]]
  Rendered questions/show.html.erb within layouts/application (1.5ms)
Completed 200 OK in 70ms (Views: 69.0ms | ActiveRecord: 0.1ms)


Started GET "/questions/1/edit" for 127.0.0.1 at 2015-10-29 18:12:28 -0200
Processing by QuestionsController#edit as HTML
  Parameters: {"id"=>"1"}
  [1m[35mQuestion Load (0.1ms)[0m  SELECT  "questions".* FROM "questions" WHERE "questions"."id" = ? LIMIT 1  [["id", 1]]
  Rendered questions/_form.html.erb (2.0ms)
  Rendered questions/edit.html.erb within layouts/application (2.8ms)
Completed 500 Internal Server Error in 4ms (ActiveRecord: 0.1ms)

ActionView::Template::Error (undefined method `map' for nil:NilClass):
    17:   </div>
    18:   <div class="field">
    19:     <%= f.label :dimension_id %><br>
    20:     <%= collection_select(:question, :dimension_id, @dimension, :id, :name, {:prompt => false })  %>
    21:   </div>
    22:   <div class="actions">
    23:     <%= f.submit %>
  app/views/questions/_form.html.erb:20:in `block in _app_views_questions__form_html_erb__3320161732663475012_69969961145820'
  app/views/questions/_form.html.erb:1:in `_app_views_questions__form_html_erb__3320161732663475012_69969961145820'
  app/views/questions/edit.html.erb:3:in `_app_views_questions_edit_html_erb___3537374104344564460_69969962240000'


  Rendered /home/lmafra/.rvm/gems/ruby-2.2.1/gems/actionpack-4.2.4/lib/action_dispatch/middleware/templates/rescues/_source.erb (5.7ms)
  Rendered /home/lmafra/.rvm/gems/ruby-2.2.1/gems/actionpack-4.2.4/lib/action_dispatch/middleware/templates/rescues/_trace.html.erb (2.1ms)
  Rendered /home/lmafra/.rvm/gems/ruby-2.2.1/gems/actionpack-4.2.4/lib/action_dispatch/middleware/templates/rescues/_request_and_response.html.erb (0.7ms)
  Rendered /home/lmafra/.rvm/gems/ruby-2.2.1/gems/actionpack-4.2.4/lib/action_dispatch/middleware/templates/rescues/template_error.html.erb within rescues/layout (18.2ms)
  Rendered /home/lmafra/.rvm/gems/ruby-2.2.1/gems/web-console-2.2.1/lib/web_console/templates/_markup.html.erb (0.2ms)
  Rendered /home/lmafra/.rvm/gems/ruby-2.2.1/gems/web-console-2.2.1/lib/web_console/templates/_inner_console_markup.html.erb within layouts/inlined_string (0.2ms)
  Rendered /home/lmafra/.rvm/gems/ruby-2.2.1/gems/web-console-2.2.1/lib/web_console/templates/_prompt_box_markup.html.erb within layouts/inlined_string (0.2ms)
  Rendered /home/lmafra/.rvm/gems/ruby-2.2.1/gems/web-console-2.2.1/lib/web_console/templates/style.css.erb within layouts/inlined_string (0.2ms)
  Rendered /home/lmafra/.rvm/gems/ruby-2.2.1/gems/web-console-2.2.1/lib/web_console/templates/console.js.erb within layouts/javascript (11.2ms)
  Rendered /home/lmafra/.rvm/gems/ruby-2.2.1/gems/web-console-2.2.1/lib/web_console/templates/main.js.erb within layouts/javascript (0.2ms)
  Rendered /home/lmafra/.rvm/gems/ruby-2.2.1/gems/web-console-2.2.1/lib/web_console/templates/error_page.js.erb within layouts/javascript (0.2ms)
  Rendered /home/lmafra/.rvm/gems/ruby-2.2.1/gems/web-console-2.2.1/lib/web_console/templates/index.html.erb (22.7ms)


Started GET "/questions/1/edit" for 127.0.0.1 at 2015-10-29 18:12:28 -0200
Processing by QuestionsController#edit as HTML
  Parameters: {"id"=>"1"}
  [1m[36mQuestion Load (0.1ms)[0m  [1mSELECT  "questions".* FROM "questions" WHERE "questions"."id" = ? LIMIT 1[0m  [["id", 1]]
  Rendered questions/_form.html.erb (1.8ms)
  Rendered questions/edit.html.erb within layouts/application (2.5ms)
Completed 500 Internal Server Error in 4ms (ActiveRecord: 0.1ms)

ActionView::Template::Error (undefined method `map' for nil:NilClass):
    17:   </div>
    18:   <div class="field">
    19:     <%= f.label :dimension_id %><br>
    20:     <%= collection_select(:question, :dimension_id, @dimension, :id, :name, {:prompt => false })  %>
    21:   </div>
    22:   <div class="actions">
    23:     <%= f.submit %>
  app/views/questions/_form.html.erb:20:in `block in _app_views_questions__form_html_erb__3320161732663475012_69969958055200'
  app/views/questions/_form.html.erb:1:in `_app_views_questions__form_html_erb__3320161732663475012_69969958055200'
  app/views/questions/edit.html.erb:3:in `_app_views_questions_edit_html_erb___3537374104344564460_69970170519000'


  Rendered /home/lmafra/.rvm/gems/ruby-2.2.1/gems/actionpack-4.2.4/lib/action_dispatch/middleware/templates/rescues/_source.erb (6.2ms)
  Rendered /home/lmafra/.rvm/gems/ruby-2.2.1/gems/actionpack-4.2.4/lib/action_dispatch/middleware/templates/rescues/_trace.html.erb (2.6ms)
  Rendered /home/lmafra/.rvm/gems/ruby-2.2.1/gems/actionpack-4.2.4/lib/action_dispatch/middleware/templates/rescues/_request_and_response.html.erb (0.7ms)
  Rendered /home/lmafra/.rvm/gems/ruby-2.2.1/gems/actionpack-4.2.4/lib/action_dispatch/middleware/templates/rescues/template_error.html.erb within rescues/layout (20.1ms)
  Rendered /home/lmafra/.rvm/gems/ruby-2.2.1/gems/web-console-2.2.1/lib/web_console/templates/_markup.html.erb (0.3ms)
  Rendered /home/lmafra/.rvm/gems/ruby-2.2.1/gems/web-console-2.2.1/lib/web_console/templates/_inner_console_markup.html.erb within layouts/inlined_string (0.2ms)
  Rendered /home/lmafra/.rvm/gems/ruby-2.2.1/gems/web-console-2.2.1/lib/web_console/templates/_prompt_box_markup.html.erb within layouts/inlined_string (0.2ms)
  Rendered /home/lmafra/.rvm/gems/ruby-2.2.1/gems/web-console-2.2.1/lib/web_console/templates/style.css.erb within layouts/inlined_string (0.2ms)
  Rendered /home/lmafra/.rvm/gems/ruby-2.2.1/gems/web-console-2.2.1/lib/web_console/templates/console.js.erb within layouts/javascript (11.4ms)
  Rendered /home/lmafra/.rvm/gems/ruby-2.2.1/gems/web-console-2.2.1/lib/web_console/templates/main.js.erb within layouts/javascript (0.2ms)
  Rendered /home/lmafra/.rvm/gems/ruby-2.2.1/gems/web-console-2.2.1/lib/web_console/templates/error_page.js.erb within layouts/javascript (0.3ms)
  Rendered /home/lmafra/.rvm/gems/ruby-2.2.1/gems/web-console-2.2.1/lib/web_console/templates/index.html.erb (23.8ms)


Started GET "/questions/1/edit" for 127.0.0.1 at 2015-10-29 18:12:54 -0200
Processing by QuestionsController#edit as HTML
  Parameters: {"id"=>"1"}
  [1m[35mQuestion Load (0.1ms)[0m  SELECT  "questions".* FROM "questions" WHERE "questions"."id" = ? LIMIT 1  [["id", 1]]
  [1m[36mDimension Load (0.1ms)[0m  [1mSELECT "dimensions".* FROM "dimensions"[0m
  Rendered questions/_form.html.erb (1.8ms)
  Rendered questions/edit.html.erb within layouts/application (2.3ms)
Completed 200 OK in 76ms (Views: 70.1ms | ActiveRecord: 0.7ms)


Started GET "/assets/areas.self-e3b0c44298fc1c149afbf4c8996fb92427ae41e4649b934ca495991b7852b855.css?body=1" for 127.0.0.1 at 2015-10-29 18:12:54 -0200


Started GET "/assets/junior_companies.self-e3b0c44298fc1c149afbf4c8996fb92427ae41e4649b934ca495991b7852b855.css?body=1" for 127.0.0.1 at 2015-10-29 18:12:54 -0200


Started GET "/assets/federations.self-e3b0c44298fc1c149afbf4c8996fb92427ae41e4649b934ca495991b7852b855.css?body=1" for 127.0.0.1 at 2015-10-29 18:12:54 -0200


Started GET "/assets/countries.self-e3b0c44298fc1c149afbf4c8996fb92427ae41e4649b934ca495991b7852b855.css?body=1" for 127.0.0.1 at 2015-10-29 18:12:55 -0200


Started GET "/assets/dimensions.self-e3b0c44298fc1c149afbf4c8996fb92427ae41e4649b934ca495991b7852b855.css?body=1" for 127.0.0.1 at 2015-10-29 18:12:55 -0200


Started GET "/assets/organograms.self-e3b0c44298fc1c149afbf4c8996fb92427ae41e4649b934ca495991b7852b855.css?body=1" for 127.0.0.1 at 2015-10-29 18:12:55 -0200


Started GET "/assets/cities.self-e3b0c44298fc1c149afbf4c8996fb92427ae41e4649b934ca495991b7852b855.css?body=1" for 127.0.0.1 at 2015-10-29 18:12:55 -0200


Started GET "/assets/perfomances.self-e3b0c44298fc1c149afbf4c8996fb92427ae41e4649b934ca495991b7852b855.css?body=1" for 127.0.0.1 at 2015-10-29 18:12:55 -0200


Started GET "/assets/questions.self-e3b0c44298fc1c149afbf4c8996fb92427ae41e4649b934ca495991b7852b855.css?body=1" for 127.0.0.1 at 2015-10-29 18:12:55 -0200


Started GET "/assets/roles.self-e3b0c44298fc1c149afbf4c8996fb92427ae41e4649b934ca495991b7852b855.css?body=1" for 127.0.0.1 at 2015-10-29 18:12:55 -0200


Started GET "/assets/scaffolds.self-1450bb3aeed7c74b1b1794bebaa47c027f5b7f8864e796199b5e6122458371e5.css?body=1" for 127.0.0.1 at 2015-10-29 18:12:55 -0200


Started GET "/assets/sessions.self-e3b0c44298fc1c149afbf4c8996fb92427ae41e4649b934ca495991b7852b855.css?body=1" for 127.0.0.1 at 2015-10-29 18:12:55 -0200


Started GET "/assets/states.self-e3b0c44298fc1c149afbf4c8996fb92427ae41e4649b934ca495991b7852b855.css?body=1" for 127.0.0.1 at 2015-10-29 18:12:55 -0200


Started GET "/assets/users.self-e3b0c44298fc1c149afbf4c8996fb92427ae41e4649b934ca495991b7852b855.css?body=1" for 127.0.0.1 at 2015-10-29 18:12:55 -0200


Started GET "/assets/application.self-e80e8f2318043e8af94dddc2adad5a4f09739a8ebb323b3ab31cd71d45fd9113.css?body=1" for 127.0.0.1 at 2015-10-29 18:12:55 -0200


Started GET "/assets/jquery.self-a714331225dda820228db323939889f149aec0127aeb06255646b616ba1ca419.js?body=1" for 127.0.0.1 at 2015-10-29 18:12:55 -0200


Started GET "/assets/jquery_ujs.self-d456baa54c1fa6be2ec3711f0a72ddf7a5b2f34a6b4f515f33767d6207b7d4b3.js?body=1" for 127.0.0.1 at 2015-10-29 18:12:55 -0200


Started GET "/assets/turbolinks.self-c37727e9bd6b2735da5c311aa83fead54ed0be6cc8bd9a65309e9c5abe2cbfff.js?body=1" for 127.0.0.1 at 2015-10-29 18:12:55 -0200


Started GET "/assets/areas.self-877aef30ae1b040ab8a3aba4e3e309a11d7f2612f44dde450b5c157aa5f95c05.js?body=1" for 127.0.0.1 at 2015-10-29 18:12:55 -0200


Started GET "/assets/cities.self-877aef30ae1b040ab8a3aba4e3e309a11d7f2612f44dde450b5c157aa5f95c05.js?body=1" for 127.0.0.1 at 2015-10-29 18:12:55 -0200


Started GET "/assets/countries.self-877aef30ae1b040ab8a3aba4e3e309a11d7f2612f44dde450b5c157aa5f95c05.js?body=1" for 127.0.0.1 at 2015-10-29 18:12:55 -0200


Started GET "/assets/dimensions.self-877aef30ae1b040ab8a3aba4e3e309a11d7f2612f44dde450b5c157aa5f95c05.js?body=1" for 127.0.0.1 at 2015-10-29 18:12:55 -0200


Started GET "/assets/federations.self-877aef30ae1b040ab8a3aba4e3e309a11d7f2612f44dde450b5c157aa5f95c05.js?body=1" for 127.0.0.1 at 2015-10-29 18:12:55 -0200


Started GET "/assets/junior_companies.self-877aef30ae1b040ab8a3aba4e3e309a11d7f2612f44dde450b5c157aa5f95c05.js?body=1" for 127.0.0.1 at 2015-10-29 18:12:55 -0200


Started GET "/assets/organograms.self-877aef30ae1b040ab8a3aba4e3e309a11d7f2612f44dde450b5c157aa5f95c05.js?body=1" for 127.0.0.1 at 2015-10-29 18:12:55 -0200


Started GET "/assets/perfomances.self-877aef30ae1b040ab8a3aba4e3e309a11d7f2612f44dde450b5c157aa5f95c05.js?body=1" for 127.0.0.1 at 2015-10-29 18:12:55 -0200


Started GET "/assets/questions.self-877aef30ae1b040ab8a3aba4e3e309a11d7f2612f44dde450b5c157aa5f95c05.js?body=1" for 127.0.0.1 at 2015-10-29 18:12:55 -0200


Started GET "/assets/roles.self-877aef30ae1b040ab8a3aba4e3e309a11d7f2612f44dde450b5c157aa5f95c05.js?body=1" for 127.0.0.1 at 2015-10-29 18:12:55 -0200


Started GET "/assets/sessions.self-877aef30ae1b040ab8a3aba4e3e309a11d7f2612f44dde450b5c157aa5f95c05.js?body=1" for 127.0.0.1 at 2015-10-29 18:12:55 -0200


Started GET "/assets/states.self-877aef30ae1b040ab8a3aba4e3e309a11d7f2612f44dde450b5c157aa5f95c05.js?body=1" for 127.0.0.1 at 2015-10-29 18:12:55 -0200


Started GET "/assets/users.self-877aef30ae1b040ab8a3aba4e3e309a11d7f2612f44dde450b5c157aa5f95c05.js?body=1" for 127.0.0.1 at 2015-10-29 18:12:55 -0200


Started GET "/assets/application.self-3b8dabdc891efe46b9a144b400ad69e37d7e5876bdc39dee783419a69d7ca819.js?body=1" for 127.0.0.1 at 2015-10-29 18:12:55 -0200


Started GET "/questions" for 127.0.0.1 at 2015-10-29 18:12:57 -0200
Processing by QuestionsController#index as HTML
  [1m[35mQuestion Load (0.1ms)[0m  SELECT "questions".* FROM "questions"
  Rendered questions/index.html.erb within layouts/application (1.3ms)
Completed 200 OK in 70ms (Views: 69.4ms | ActiveRecord: 0.1ms)


Started DELETE "/questions/1" for 127.0.0.1 at 2015-10-29 18:12:59 -0200
Processing by QuestionsController#destroy as HTML
  Parameters: {"authenticity_token"=>"xtZVRXWpGaMjlhNNZEKky3gTslH0gRx4isdz7gUnKLkxa1I9we+mZuYWPGnU4Z4qpb8rIP+srvao05VMuuNHqA==", "id"=>"1"}
  [1m[36mQuestion Load (0.1ms)[0m  [1mSELECT  "questions".* FROM "questions" WHERE "questions"."id" = ? LIMIT 1[0m  [["id", 1]]
  [1m[35m (0.1ms)[0m  begin transaction
  [1m[36mSQL (0.2ms)[0m  [1mDELETE FROM "questions" WHERE "questions"."id" = ?[0m  [["id", 1]]
  [1m[35m (221.9ms)[0m  commit transaction
Redirected to http://localhost:3000/questions
Completed 302 Found in 224ms (ActiveRecord: 222.3ms)


Started GET "/questions" for 127.0.0.1 at 2015-10-29 18:13:00 -0200
Processing by QuestionsController#index as HTML
  [1m[36mQuestion Load (0.1ms)[0m  [1mSELECT "questions".* FROM "questions"[0m
  Rendered questions/index.html.erb within layouts/application (0.5ms)
Completed 200 OK in 71ms (Views: 70.4ms | ActiveRecord: 0.1ms)


Started GET "/" for 127.0.0.1 at 2015-10-29 18:13:03 -0200
Processing by SessionsController#new as HTML
  Rendered sessions/new.html.erb within layouts/application (1.7ms)
Completed 200 OK in 67ms (Views: 66.8ms | ActiveRecord: 0.0ms)
